[debug] [2024-03-25T13:12:05.661Z] ----------------------------------------------------------------------
[debug] [2024-03-25T13:12:05.663Z] Command:       /usr/local/share/nvm/versions/node/v20.11.1/bin/node /home/codespace/nvm/current/bin/firebase emulators:start
[debug] [2024-03-25T13:12:05.663Z] CLI Version:   13.5.2
[debug] [2024-03-25T13:12:05.663Z] Platform:      linux
[debug] [2024-03-25T13:12:05.664Z] Node Version:  v20.11.1
[debug] [2024-03-25T13:12:05.664Z] Time:          Mon Mar 25 2024 13:12:05 GMT+0000 (Coordinated Universal Time)
[debug] [2024-03-25T13:12:05.664Z] Env Overrides: GITHUB_API_URL
[debug] [2024-03-25T13:12:05.664Z] ----------------------------------------------------------------------
[debug] 
[debug] [2024-03-25T13:12:05.726Z] > command requires scopes: ["email","openid","https://www.googleapis.com/auth/cloudplatformprojects.readonly","https://www.googleapis.com/auth/firebase","https://www.googleapis.com/auth/cloud-platform"]
[debug] [2024-03-25T13:12:05.726Z] > authorizing via signed-in user (portughalam@gmail.com)
[debug] [2024-03-25T13:12:06.523Z] openjdk version "21.0.2" 2024-01-16 LTS

[debug] [2024-03-25T13:12:06.524Z] OpenJDK Runtime Environment Microsoft-8905927 (build 21.0.2+13-LTS)
OpenJDK 64-Bit Server VM Microsoft-8905927 (build 21.0.2+13-LTS, mixed mode, sharing)

[debug] [2024-03-25T13:12:06.533Z] Parsed Java major version: 21
[info] i  emulators: Starting emulators: functions, database, hosting {"metadata":{"emulator":{"name":"hub"},"message":"Starting emulators: functions, database, hosting"}}
[debug] [2024-03-25T13:12:06.542Z] [logging] Logging Emulator only supports listening on one address (127.0.0.1). Not listening on ::1
[debug] [2024-03-25T13:12:06.542Z] [database] Database Emulator only supports listening on one address (127.0.0.1). Not listening on ::1
[debug] [2024-03-25T13:12:06.542Z] [hosting] Hosting Emulator only supports listening on one address (127.0.0.1). Not listening on ::1
[debug] [2024-03-25T13:12:06.542Z] assigned listening specs for emulators {"user":{"hub":[{"address":"127.0.0.1","family":"IPv4","port":4400},{"address":"::1","family":"IPv6","port":4400}],"ui":[{"address":"127.0.0.1","family":"IPv4","port":4000},{"address":"::1","family":"IPv6","port":4000}],"logging":[{"address":"127.0.0.1","family":"IPv4","port":4500}],"database":[{"address":"127.0.0.1","family":"IPv4","port":9000}],"hosting":[{"address":"127.0.0.1","family":"IPv4","port":5000}]},"metadata":{"message":"assigned listening specs for emulators"}}
[debug] [2024-03-25T13:12:06.546Z] [hub] writing locator at /tmp/hub-quitelean.json
[debug] [2024-03-25T13:12:06.553Z] >>> [apiv2][query] GET https://firebase.googleapis.com/v1beta1/projects/quitelean [none]
[debug] [2024-03-25T13:12:06.942Z] <<< [apiv2][status] GET https://firebase.googleapis.com/v1beta1/projects/quitelean 200
[debug] [2024-03-25T13:12:06.942Z] <<< [apiv2][body] GET https://firebase.googleapis.com/v1beta1/projects/quitelean {"projectId":"quitelean","projectNumber":"434611625957","displayName":"quitelean","name":"projects/quitelean","resources":{"hostingSite":"quitelean","realtimeDatabaseInstance":"quitelean-default-rtdb","storageBucket":"quitelean.appspot.com","locationId":"us-central"},"state":"ACTIVE","etag":"1_af99654d-e654-4c2c-b812-d6dc9949e143"}
[debug] [2024-03-25T13:12:11.292Z] >>> [apiv2][query] GET https://firebasehosting.googleapis.com/v1beta1/projects/quitelean/sites pageToken=&pageSize=10
[debug] [2024-03-25T13:12:12.059Z] <<< [apiv2][status] GET https://firebasehosting.googleapis.com/v1beta1/projects/quitelean/sites 200
[debug] [2024-03-25T13:12:12.060Z] <<< [apiv2][body] GET https://firebasehosting.googleapis.com/v1beta1/projects/quitelean/sites {"sites":[{"name":"projects/quitelean/sites/quitelean","defaultUrl":"https://quitelean.web.app","appId":"1:434611625957:web:fbea8cbf3b58525ac6190c","type":"DEFAULT_SITE"}]}
[debug] [2024-03-25T13:12:12.060Z] >>> [apiv2][query] GET https://firebase.googleapis.com/v1beta1/projects/-/webApps/1:434611625957:web:fbea8cbf3b58525ac6190c/config [none]
[debug] [2024-03-25T13:12:12.675Z] <<< [apiv2][status] GET https://firebase.googleapis.com/v1beta1/projects/-/webApps/1:434611625957:web:fbea8cbf3b58525ac6190c/config 200
[debug] [2024-03-25T13:12:12.675Z] <<< [apiv2][body] GET https://firebase.googleapis.com/v1beta1/projects/-/webApps/1:434611625957:web:fbea8cbf3b58525ac6190c/config {"projectId":"quitelean","appId":"1:434611625957:web:fbea8cbf3b58525ac6190c","databaseURL":"https://quitelean-default-rtdb.firebaseio.com","storageBucket":"quitelean.appspot.com","locationId":"us-central","apiKey":"AIzaSyCpZKwjZq81wfNVPC2K6PqbGEL1hnP65HY","authDomain":"quitelean.firebaseapp.com","messagingSenderId":"434611625957","measurementId":"G-FPX0STF405"}
[info] 
   Thank you for trying our experimental support for SvelteKit on Firebase Hosting.
   While this integration is maintained by Googlers it is not a supported Firebase product.
   Issues filed on GitHub will be addressed on a best-effort basis by maintainers and other community members.

   Documentation: https://firebase.google.com/docs/hosting/frameworks/frameworks-overview
   File a bug: https://github.com/firebase/firebase-tools/issues/new?template=bug_report.md
   Submit a feature request: https://github.com/firebase/firebase-tools/issues/new?template=feature_request.md

   We'd love to learn from you. Express your interest in helping us shape the future of Firebase Hosting: https://goo.gle/41enW5X

[debug] [2024-03-25T13:12:22.197Z] [web frameworks] effective firebase.json:  {
  "hosting": [
    {
      "source": ".",
      "ignore": [
        "firebase.json",
        "**/.*",
        "**/node_modules/**"
      ],
      "frameworksBackend": {
        "region": "us-west1"
      },
      "site": "quitelean",
      "rewrites": [],
      "redirects": [],
      "headers": [
        {
          "source": "**/*.[jt]s",
          "headers": [
            {
              "key": "Set-Cookie",
              "value": "__FIREBASE_DEFAULTS__=eyJlbXVsYXRvckhvc3RzIjp7ImRhdGFiYXNlIjoiMTI3LjAuMC4xOjkwMDAifSwiY29uZmlnIjp7InByb2plY3RJZCI6InF1aXRlbGVhbiIsImFwcElkIjoiMTo0MzQ2MTE2MjU5NTc6d2ViOmZiZWE4Y2JmM2I1ODUyNWFjNjE5MGMiLCJkYXRhYmFzZVVSTCI6Imh0dHBzOi8vcXVpdGVsZWFuLWRlZmF1bHQtcnRkYi5maXJlYmFzZWlvLmNvbSIsInN0b3JhZ2VCdWNrZXQiOiJxdWl0ZWxlYW4uYXBwc3BvdC5jb20iLCJsb2NhdGlvbklkIjoidXMtY2VudHJhbCIsImFwaUtleSI6IkFJemFTeUNwWkt3alpxODF3Zk5WUEMySzZQcWJHRUwxaG5QNjVIWSIsImF1dGhEb21haW4iOiJxdWl0ZWxlYW4uZmlyZWJhc2VhcHAuY29tIiwibWVzc2FnaW5nU2VuZGVySWQiOiI0MzQ2MTE2MjU5NTciLCJtZWFzdXJlbWVudElkIjoiRy1GUFgwU1RGNDA1In19; SameSite=Strict; Expires=2026-02-17T23:52:22.197Z; Path=/;"
            }
          ]
        }
      ],
      "cleanUrls": true,
      "public": ".firebase/quitelean/hosting",
      "webFramework": "svelekit"
    }
  ],
  "functions": [
    {
      "source": "functions",
      "codebase": "default",
      "ignore": [
        "node_modules",
        ".git",
        "firebase-debug.log",
        "firebase-debug.*.log"
      ]
    }
  ]
}
[debug] [2024-03-25T13:12:22.199Z] [functions] Functions Emulator only supports listening on one address (127.0.0.1). Not listening on ::1
[debug] [2024-03-25T13:12:22.199Z] [eventarc] Eventarc Emulator only supports listening on one address (127.0.0.1). Not listening on ::1
[debug] [2024-03-25T13:12:22.199Z] late-assigned ports for functions and eventarc emulators {"user":{"hub":[{"address":"127.0.0.1","family":"IPv4","port":4400},{"address":"::1","family":"IPv6","port":4400}],"ui":[{"address":"127.0.0.1","family":"IPv4","port":4000},{"address":"::1","family":"IPv6","port":4000}],"logging":[{"address":"127.0.0.1","family":"IPv4","port":4500}],"database":[{"address":"127.0.0.1","family":"IPv4","port":9000}],"hosting":[{"address":"127.0.0.1","family":"IPv4","port":5000}],"functions":[{"address":"127.0.0.1","family":"IPv4","port":5001}],"eventarc":[{"address":"127.0.0.1","family":"IPv4","port":9299}]},"metadata":{"message":"late-assigned ports for functions and eventarc emulators"}}
[warn] ⚠  functions: The following emulators are not running, calls to these services from the Functions emulator will affect production: auth, firestore, pubsub, storage {"metadata":{"emulator":{"name":"functions"},"message":"The following emulators are not running, calls to these services from the Functions emulator will affect production: \u001b[1mauth, firestore, pubsub, storage\u001b[22m"}}
[debug] [2024-03-25T13:12:22.201Z] defaultcredentials: writing to file /home/codespace/.config/firebase/portughalam_gmail_com_application_default_credentials.json
[debug] [2024-03-25T13:12:22.207Z] Setting GAC to /home/codespace/.config/firebase/portughalam_gmail_com_application_default_credentials.json {"metadata":{"emulator":{"name":"functions"},"message":"Setting GAC to /home/codespace/.config/firebase/portughalam_gmail_com_application_default_credentials.json"}}
[debug] [2024-03-25T13:12:22.208Z] >>> [apiv2][query] GET https://firebase.googleapis.com/v1beta1/projects/quitelean/adminSdkConfig [none]
[debug] [2024-03-25T13:12:22.424Z] <<< [apiv2][status] GET https://firebase.googleapis.com/v1beta1/projects/quitelean/adminSdkConfig 200
[debug] [2024-03-25T13:12:22.424Z] <<< [apiv2][body] GET https://firebase.googleapis.com/v1beta1/projects/quitelean/adminSdkConfig {"projectId":"quitelean","databaseURL":"https://quitelean-default-rtdb.firebaseio.com","storageBucket":"quitelean.appspot.com","locationId":"us-central"}
[debug] [2024-03-25T13:12:22.446Z] >>> [apiv2][query] GET https://firebase.googleapis.com/v1beta1/projects/quitelean [none]
[debug] [2024-03-25T13:12:22.756Z] <<< [apiv2][status] GET https://firebase.googleapis.com/v1beta1/projects/quitelean 200
[debug] [2024-03-25T13:12:22.757Z] <<< [apiv2][body] GET https://firebase.googleapis.com/v1beta1/projects/quitelean {"projectId":"quitelean","projectNumber":"434611625957","displayName":"quitelean","name":"projects/quitelean","resources":{"hostingSite":"quitelean","realtimeDatabaseInstance":"quitelean-default-rtdb","storageBucket":"quitelean.appspot.com","locationId":"us-central"},"state":"ACTIVE","etag":"1_af99654d-e654-4c2c-b812-d6dc9949e143"}
[debug] [2024-03-25T13:12:22.757Z] database rules config:  [{"instance":"quitelean-default-rtdb","rules":"/workspaces/quitelean/database.rules.json"}]
[info] i  database: downloading firebase-database-emulator-v4.11.2.jar... {"metadata":{"emulator":{"name":"database"},"message":"downloading firebase-database-emulator-v4.11.2.jar..."}}
[debug] [2024-03-25T13:12:22.766Z] >>> [apiv2][query] GET https://storage.googleapis.com/firebase-preview-drop/emulator/firebase-database-emulator-v4.11.2.jar 
[debug] [2024-03-25T13:12:22.991Z] <<< [apiv2][status] GET https://storage.googleapis.com/firebase-preview-drop/emulator/firebase-database-emulator-v4.11.2.jar 200
[debug] [2024-03-25T13:12:22.992Z] <<< [apiv2][body] GET https://storage.googleapis.com/firebase-preview-drop/emulator/firebase-database-emulator-v4.11.2.jar [stream]
[debug] [2024-03-25T13:12:24.010Z] Ignoring unsupported arg: projectId {"metadata":{"emulator":{"name":"database"},"message":"Ignoring unsupported arg: projectId"}}
[debug] [2024-03-25T13:12:24.011Z] Ignoring unsupported arg: auto_download {"metadata":{"emulator":{"name":"database"},"message":"Ignoring unsupported arg: auto_download"}}
[debug] [2024-03-25T13:12:24.011Z] Ignoring unsupported arg: rules {"metadata":{"emulator":{"name":"database"},"message":"Ignoring unsupported arg: rules"}}
[debug] [2024-03-25T13:12:24.011Z] Starting Database Emulator with command {"binary":"java","args":["-Duser.language=en","-jar","/home/codespace/.cache/firebase/emulators/firebase-database-emulator-v4.11.2.jar","--host","127.0.0.1","--port",9000,"--single_project_mode","Warning","--functions_emulator_host","127.0.0.1","--functions_emulator_port",5001],"optionalArgs":["port","host","functions_emulator_port","functions_emulator_host","single_project_mode"],"joinArgs":false} {"metadata":{"emulator":{"name":"database"},"message":"Starting Database Emulator with command {\"binary\":\"java\",\"args\":[\"-Duser.language=en\",\"-jar\",\"/home/codespace/.cache/firebase/emulators/firebase-database-emulator-v4.11.2.jar\",\"--host\",\"127.0.0.1\",\"--port\",9000,\"--single_project_mode\",\"Warning\",\"--functions_emulator_host\",\"127.0.0.1\",\"--functions_emulator_port\",5001],\"optionalArgs\":[\"port\",\"host\",\"functions_emulator_port\",\"functions_emulator_host\",\"single_project_mode\"],\"joinArgs\":false}"}}
[info] i  database: Database Emulator logging to database-debug.log {"metadata":{"emulator":{"name":"database"},"message":"Database Emulator logging to \u001b[1mdatabase-debug.log\u001b[22m"}}
[debug] [2024-03-25T13:12:26.163Z] 13:12:26.161 [NamespaceSystem-akka.actor.default-dispatcher-6] INFO akka.event.slf4j.Slf4jLogger - Slf4jLogger started
 {"metadata":{"emulator":{"name":"database"},"message":"13:12:26.161 [NamespaceSystem-akka.actor.default-dispatcher-6] INFO akka.event.slf4j.Slf4jLogger - Slf4jLogger started\n"}}
[debug] [2024-03-25T13:12:26.401Z] 13:12:26.400 [main] INFO com.firebase.server.forge.App$ - Listening at 127.0.0.1:9000
 {"metadata":{"emulator":{"name":"database"},"message":"13:12:26.400 [main] INFO com.firebase.server.forge.App$ - Listening at 127.0.0.1:9000\n"}}
[debug] [2024-03-25T13:12:26.600Z] >>> [apiv2][query] GET https://firebasehosting.googleapis.com/v1beta1/projects/quitelean/sites 
[debug] [2024-03-25T13:12:27.290Z] <<< [apiv2][status] GET https://firebasehosting.googleapis.com/v1beta1/projects/quitelean/sites 200
[debug] [2024-03-25T13:12:27.290Z] <<< [apiv2][body] GET https://firebasehosting.googleapis.com/v1beta1/projects/quitelean/sites {"sites":[{"name":"projects/quitelean/sites/quitelean","defaultUrl":"https://quitelean.web.app","appId":"1:434611625957:web:fbea8cbf3b58525ac6190c","type":"DEFAULT_SITE"}]}
[debug] [2024-03-25T13:12:27.290Z] >>> [apiv2][query] GET https://firebase.googleapis.com/v1beta1/projects/quitelean/webApps/1:434611625957:web:fbea8cbf3b58525ac6190c/config [none]
[debug] [2024-03-25T13:12:27.760Z] <<< [apiv2][status] GET https://firebase.googleapis.com/v1beta1/projects/quitelean/webApps/1:434611625957:web:fbea8cbf3b58525ac6190c/config 200
[debug] [2024-03-25T13:12:27.760Z] <<< [apiv2][body] GET https://firebase.googleapis.com/v1beta1/projects/quitelean/webApps/1:434611625957:web:fbea8cbf3b58525ac6190c/config {"projectId":"quitelean","appId":"1:434611625957:web:fbea8cbf3b58525ac6190c","databaseURL":"https://quitelean-default-rtdb.firebaseio.com","storageBucket":"quitelean.appspot.com","locationId":"us-central","apiKey":"AIzaSyCpZKwjZq81wfNVPC2K6PqbGEL1hnP65HY","authDomain":"quitelean.firebaseapp.com","messagingSenderId":"434611625957","measurementId":"G-FPX0STF405"}
[info] i  hosting[quitelean]: Serving hosting files from: .firebase/quitelean/hosting {"metadata":{"emulator":{"name":"hosting"},"message":"Serving hosting files from: \u001b[1m.firebase/quitelean/hosting\u001b[22m"}}
[info] ✔  hosting[quitelean]: Local server: http://127.0.0.1:5000 {"metadata":{"emulator":{"name":"hosting"},"message":"Local server: \u001b[4m\u001b[1mhttp://127.0.0.1:5000\u001b[22m\u001b[24m"}}
[debug] [2024-03-25T13:12:27.827Z] Ignoring unsupported arg: auto_download {"metadata":{"emulator":{"name":"ui"},"message":"Ignoring unsupported arg: auto_download"}}
[debug] [2024-03-25T13:12:27.828Z] Ignoring unsupported arg: port {"metadata":{"emulator":{"name":"ui"},"message":"Ignoring unsupported arg: port"}}
[debug] [2024-03-25T13:12:27.828Z] Starting Emulator UI with command {"binary":"node","args":["/home/codespace/.cache/firebase/emulators/ui-v1.11.8/server/server.mjs"],"optionalArgs":[],"joinArgs":false} {"metadata":{"emulator":{"name":"ui"},"message":"Starting Emulator UI with command {\"binary\":\"node\",\"args\":[\"/home/codespace/.cache/firebase/emulators/ui-v1.11.8/server/server.mjs\"],\"optionalArgs\":[],\"joinArgs\":false}"}}
[info] i  ui: Emulator UI logging to ui-debug.log {"metadata":{"emulator":{"name":"ui"},"message":"Emulator UI logging to \u001b[1mui-debug.log\u001b[22m"}}
[debug] [2024-03-25T13:12:28.005Z] Web / API server started at 127.0.0.1:4000
 {"metadata":{"emulator":{"name":"ui"},"message":"Web / API server started at 127.0.0.1:4000\n"}}
[debug] [2024-03-25T13:12:28.006Z] Web / API server started at ::1:4000
 {"metadata":{"emulator":{"name":"ui"},"message":"Web / API server started at ::1:4000\n"}}
[info] i  functions: Watching "/workspaces/quitelean/functions" for Cloud Functions... {"metadata":{"emulator":{"name":"functions"},"message":"Watching \"/workspaces/quitelean/functions\" for Cloud Functions..."}}
[debug] [2024-03-25T13:12:28.092Z] Validating nodejs source
[debug] [2024-03-25T13:12:28.704Z] > [functions] package.json contents: {
  "name": "functions",
  "description": "Cloud Functions for Firebase",
  "scripts": {
    "serve": "firebase emulators:start --only functions",
    "shell": "firebase functions:shell",
    "start": "npm run shell",
    "deploy": "firebase deploy --only functions",
    "logs": "firebase functions:log"
  },
  "engines": {
    "node": "18"
  },
  "main": "index.js",
  "dependencies": {
    "firebase-admin": "^11.8.0",
    "firebase-functions": "^4.3.1"
  },
  "devDependencies": {
    "firebase-functions-test": "^3.1.0"
  },
  "private": true
}
[debug] [2024-03-25T13:12:28.704Z] Building nodejs source
[debug] [2024-03-25T13:12:28.705Z] Failed to find version of module node: reached end of search path /workspaces/quitelean/functions/node_modules
[warn] ⚠  functions: Your requested "node" version "18" doesn't match your global version "20". Using node@20 from host. 
[debug] [2024-03-25T13:12:28.706Z] Could not find functions.yaml. Must use http discovery
[debug] [2024-03-25T13:12:28.709Z] Found firebase-functions binary at '/workspaces/quitelean/functions/node_modules/.bin/firebase-functions'
[info] Serving at port 8435

[debug] [2024-03-25T13:12:30.603Z] Got response from /__/functions.yaml {"endpoints":{"createAccount":{"availableMemoryMb":null,"timeoutSeconds":null,"minInstances":null,"maxInstances":null,"ingressSettings":null,"concurrency":null,"serviceAccountEmail":null,"vpc":null,"platform":"gcfv2","labels":{},"httpsTrigger":{},"entryPoint":"createAccount"},"compileCode":{"availableMemoryMb":null,"timeoutSeconds":null,"minInstances":null,"maxInstances":null,"ingressSettings":null,"concurrency":null,"serviceAccountEmail":null,"vpc":null,"platform":"gcfv2","labels":{},"httpsTrigger":{},"entryPoint":"compileCode"}},"specVersion":"v1alpha1","requiredAPIs":[]}
[info] ✔  functions: Loaded functions definitions from source: createAccount, compileCode. {"metadata":{"emulator":{"name":"functions"},"message":"Loaded functions definitions from source: createAccount, compileCode."}}
[info] ✔  functions[us-central1-createAccount]: http function initialized (http://127.0.0.1:5001/quitelean/us-central1/createAccount). {"metadata":{"emulator":{"name":"functions"},"message":"\u001b[1mhttp\u001b[22m function initialized (http://127.0.0.1:5001/quitelean/us-central1/createAccount)."}}
[info] ✔  functions[us-central1-compileCode]: http function initialized (http://127.0.0.1:5001/quitelean/us-central1/compileCode). {"metadata":{"emulator":{"name":"functions"},"message":"\u001b[1mhttp\u001b[22m function initialized (http://127.0.0.1:5001/quitelean/us-central1/compileCode)."}}
[debug] [2024-03-25T13:12:35.631Z] >>> [apiv2][query] PUT http://127.0.0.1:9000/.settings/rules.json ns=quitelean-default-rtdb
[debug] [2024-03-25T13:12:35.631Z] >>> [apiv2][body] PUT http://127.0.0.1:9000/.settings/rules.json "{\n  /* Visit https://firebase.google.com/docs/database/security to learn more about security rules. */\n  \"rules\": {\n    \".read\": false,\n    \".write\": false\n  }\n}"
[debug] [2024-03-25T13:12:36.142Z] 13:12:36.141 [NamespaceSystem-akka.actor.default-dispatcher-6] INFO com.firebase.core.namespace.NamespaceActor - quitelean-default-rtdb successfully activated FBKV (SurveyIdle(0)) wait: 233ms, init: 0ms
 {"metadata":{"emulator":{"name":"database"},"message":"13:12:36.141 [NamespaceSystem-akka.actor.default-dispatcher-6] INFO com.firebase.core.namespace.NamespaceActor - quitelean-default-rtdb successfully activated FBKV (SurveyIdle(0)) wait: 233ms, init: 0ms\n"}}
[debug] [2024-03-25T13:12:36.235Z] 13:12:36.234 [NamespaceSystem-blocking-namespace-operation-dispatcher-8] INFO com.firebase.core.namespace.StateManager - Namespace quitelean-default-rtdb status Active to Active
 {"metadata":{"emulator":{"name":"database"},"message":"13:12:36.234 [NamespaceSystem-blocking-namespace-operation-dispatcher-8] INFO com.firebase.core.namespace.StateManager - Namespace quitelean-default-rtdb status Active to Active\n"}}
[debug] [2024-03-25T13:12:36.269Z] <<< [apiv2][status] PUT http://127.0.0.1:9000/.settings/rules.json 200
[debug] [2024-03-25T13:12:36.269Z] <<< [apiv2][body] PUT http://127.0.0.1:9000/.settings/rules.json {"status":"ok"}
[info] 
┌─────────────────────────────────────────────────────────────┐
│ ✔  All emulators ready! It is now safe to connect your app. │
│ i  View Emulator UI at http://127.0.0.1:4000/               │
└─────────────────────────────────────────────────────────────┘

┌───────────┬────────────────┬─────────────────────────────────┐
│ Emulator  │ Host:Port      │ View in Emulator UI             │
├───────────┼────────────────┼─────────────────────────────────┤
│ Functions │ 127.0.0.1:5001 │ http://127.0.0.1:4000/functions │
├───────────┼────────────────┼─────────────────────────────────┤
│ Database  │ 127.0.0.1:9000 │ http://127.0.0.1:4000/database  │
├───────────┼────────────────┼─────────────────────────────────┤
│ Hosting   │ 127.0.0.1:5000 │ n/a                             │
└───────────┴────────────────┴─────────────────────────────────┘
  Emulator Hub running at 127.0.0.1:4400
  Other reserved ports: 4500

Issues? Report them at https://github.com/firebase/firebase-tools/issues and attach the *-debug.log files.
 
[debug] [2024-03-25T13:15:56.626Z] File /workspaces/quitelean/functions/index.js changed, reloading triggers {"metadata":{"emulator":{"name":"functions"},"message":"File /workspaces/quitelean/functions/index.js changed, reloading triggers"}}
[debug] [2024-03-25T13:15:57.628Z] Validating nodejs source
[debug] [2024-03-25T13:15:58.156Z] > [functions] package.json contents: {
  "name": "functions",
  "description": "Cloud Functions for Firebase",
  "scripts": {
    "serve": "firebase emulators:start --only functions",
    "shell": "firebase functions:shell",
    "start": "npm run shell",
    "deploy": "firebase deploy --only functions",
    "logs": "firebase functions:log"
  },
  "engines": {
    "node": "18"
  },
  "main": "index.js",
  "dependencies": {
    "firebase-admin": "^11.8.0",
    "firebase-functions": "^4.3.1"
  },
  "devDependencies": {
    "firebase-functions-test": "^3.1.0"
  },
  "private": true
}
[debug] [2024-03-25T13:15:58.156Z] Building nodejs source
[debug] [2024-03-25T13:15:58.157Z] Failed to find version of module node: reached end of search path /workspaces/quitelean/functions/node_modules
[warn] ⚠  functions: Your requested "node" version "18" doesn't match your global version "20". Using node@20 from host. 
[debug] [2024-03-25T13:15:58.158Z] Could not find functions.yaml. Must use http discovery
[debug] [2024-03-25T13:15:58.159Z] Found firebase-functions binary at '/workspaces/quitelean/functions/node_modules/.bin/firebase-functions'
[debug] [2024-03-25T13:15:58.167Z] File /workspaces/quitelean/functions/index.js changed, reloading triggers {"metadata":{"emulator":{"name":"functions"},"message":"File /workspaces/quitelean/functions/index.js changed, reloading triggers"}}
[info] Serving at port 8298

[debug] [2024-03-25T13:15:58.564Z] Got response from /__/functions.yaml {"endpoints":{"createAccount":{"availableMemoryMb":null,"timeoutSeconds":null,"minInstances":null,"maxInstances":null,"ingressSettings":null,"concurrency":null,"serviceAccountEmail":null,"vpc":null,"platform":"gcfv2","labels":{},"httpsTrigger":{},"entryPoint":"createAccount"},"compileCode":{"availableMemoryMb":null,"timeoutSeconds":null,"minInstances":null,"maxInstances":null,"ingressSettings":null,"concurrency":null,"serviceAccountEmail":null,"vpc":null,"platform":"gcfv2","labels":{},"httpsTrigger":{},"entryPoint":"compileCode"}},"specVersion":"v1alpha1","requiredAPIs":[]}
[debug] [2024-03-25T13:15:59.168Z] Validating nodejs source
[debug] [2024-03-25T13:15:59.702Z] > [functions] package.json contents: {
  "name": "functions",
  "description": "Cloud Functions for Firebase",
  "scripts": {
    "serve": "firebase emulators:start --only functions",
    "shell": "firebase functions:shell",
    "start": "npm run shell",
    "deploy": "firebase deploy --only functions",
    "logs": "firebase functions:log"
  },
  "engines": {
    "node": "18"
  },
  "main": "index.js",
  "dependencies": {
    "firebase-admin": "^11.8.0",
    "firebase-functions": "^4.3.1"
  },
  "devDependencies": {
    "firebase-functions-test": "^3.1.0"
  },
  "private": true
}
[debug] [2024-03-25T13:15:59.702Z] Building nodejs source
[debug] [2024-03-25T13:15:59.702Z] Failed to find version of module node: reached end of search path /workspaces/quitelean/functions/node_modules
[warn] ⚠  functions: Your requested "node" version "18" doesn't match your global version "20". Using node@20 from host. 
[debug] [2024-03-25T13:15:59.703Z] Could not find functions.yaml. Must use http discovery
[debug] [2024-03-25T13:15:59.705Z] Found firebase-functions binary at '/workspaces/quitelean/functions/node_modules/.bin/firebase-functions'
[info] Serving at port 8069

[debug] [2024-03-25T13:16:00.154Z] Got response from /__/functions.yaml {"endpoints":{"createAccount":{"availableMemoryMb":null,"timeoutSeconds":null,"minInstances":null,"maxInstances":null,"ingressSettings":null,"concurrency":null,"serviceAccountEmail":null,"vpc":null,"platform":"gcfv2","labels":{},"httpsTrigger":{},"entryPoint":"createAccount"},"compileCode":{"availableMemoryMb":null,"timeoutSeconds":null,"minInstances":null,"maxInstances":null,"ingressSettings":null,"concurrency":null,"serviceAccountEmail":null,"vpc":null,"platform":"gcfv2","labels":{},"httpsTrigger":{},"entryPoint":"compileCode"}},"specVersion":"v1alpha1","requiredAPIs":[]}
[info] ✔  functions: Loaded functions definitions from source: createAccount, compileCode. {"metadata":{"emulator":{"name":"functions"},"message":"Loaded functions definitions from source: createAccount, compileCode."}}
[info] ✔  functions: Loaded functions definitions from source: createAccount, compileCode. {"metadata":{"emulator":{"name":"functions"},"message":"Loaded functions definitions from source: createAccount, compileCode."}}
[debug] [2024-03-25T13:16:35.579Z] File /workspaces/quitelean/functions/index.js changed, reloading triggers {"metadata":{"emulator":{"name":"functions"},"message":"File /workspaces/quitelean/functions/index.js changed, reloading triggers"}}
[debug] [2024-03-25T13:16:36.579Z] Validating nodejs source
[debug] [2024-03-25T13:16:37.180Z] > [functions] package.json contents: {
  "name": "functions",
  "description": "Cloud Functions for Firebase",
  "scripts": {
    "serve": "firebase emulators:start --only functions",
    "shell": "firebase functions:shell",
    "start": "npm run shell",
    "deploy": "firebase deploy --only functions",
    "logs": "firebase functions:log"
  },
  "engines": {
    "node": "18"
  },
  "main": "index.js",
  "dependencies": {
    "firebase-admin": "^11.8.0",
    "firebase-functions": "^4.3.1"
  },
  "devDependencies": {
    "firebase-functions-test": "^3.1.0"
  },
  "private": true
}
[debug] [2024-03-25T13:16:37.180Z] Building nodejs source
[debug] [2024-03-25T13:16:37.181Z] Failed to find version of module node: reached end of search path /workspaces/quitelean/functions/node_modules
[warn] ⚠  functions: Your requested "node" version "18" doesn't match your global version "20". Using node@20 from host. 
[debug] [2024-03-25T13:16:37.181Z] Could not find functions.yaml. Must use http discovery
[debug] [2024-03-25T13:16:37.183Z] Found firebase-functions binary at '/workspaces/quitelean/functions/node_modules/.bin/firebase-functions'
[info] Serving at port 8918

[debug] [2024-03-25T13:16:37.624Z] Got response from /__/functions.yaml {"endpoints":{"createAccount":{"availableMemoryMb":null,"timeoutSeconds":null,"minInstances":null,"maxInstances":null,"ingressSettings":null,"concurrency":null,"serviceAccountEmail":null,"vpc":null,"platform":"gcfv2","labels":{},"httpsTrigger":{},"entryPoint":"createAccount"},"compileCode":{"availableMemoryMb":null,"timeoutSeconds":null,"minInstances":null,"maxInstances":null,"ingressSettings":null,"concurrency":null,"serviceAccountEmail":null,"vpc":null,"platform":"gcfv2","labels":{},"httpsTrigger":{},"entryPoint":"compileCode"}},"specVersion":"v1alpha1","requiredAPIs":[]}
[info] ✔  functions: Loaded functions definitions from source: createAccount, compileCode. {"metadata":{"emulator":{"name":"functions"},"message":"Loaded functions definitions from source: createAccount, compileCode."}}
[debug] [2024-03-25T13:19:28.604Z] Functions emulator received unknown request at path /
[debug] [2024-03-25T13:19:28.807Z] Functions emulator received unknown request at path /favicon.ico
[debug] [2024-03-25T13:20:53.826Z] Functions emulator received unknown request at path /
[debug] [2024-03-25T13:21:06.681Z] [work-queue] {"queuedWork":["/quitelean/us-central1/compileCode-2024-03-25T13:21:06.681Z"],"queueLength":1,"runningWork":[],"workRunningCount":0}
[debug] [2024-03-25T13:21:06.681Z] [work-queue] {"queuedWork":[],"queueLength":0,"runningWork":["/quitelean/us-central1/compileCode-2024-03-25T13:21:06.681Z"],"workRunningCount":1}
[debug] [2024-03-25T13:21:06.682Z] Accepted request GET /quitelean/us-central1/compileCode --> us-central1-compileCode
[debug] [2024-03-25T13:21:06.682Z] [functions] Runtime ready! Sending request! {"metadata":{"emulator":{"name":"functions"},"message":"[functions] Runtime ready! Sending request!"}}
[debug] [2024-03-25T13:21:06.683Z] [functions] Got req.url=/quitelean/us-central1/compileCode, mapping to path=/ {"metadata":{"emulator":{"name":"functions"},"message":"[functions] Got req.url=/quitelean/us-central1/compileCode, mapping to path=/"}}
[debug] [2024-03-25T13:21:06.689Z] [worker-pool] addWorker(us-central1-compileCode) {"metadata":{"emulator":{"name":"functions"},"message":"[worker-pool] addWorker(us-central1-compileCode)"}}
[debug] [2024-03-25T13:21:06.690Z] [worker-pool] Adding worker with key us-central1-compileCode, total=1 {"metadata":{"emulator":{"name":"functions"},"message":"[worker-pool] Adding worker with key us-central1-compileCode, total=1"}}
[debug] [2024-03-25T13:21:07.477Z] [runtime-status] [21669] Resolved module firebase-admin {"declared":true,"installed":true,"version":"11.11.1","resolution":"/workspaces/quitelean/functions/node_modules/firebase-admin/lib/index.js"} {"metadata":{"emulator":{"name":"functions"},"function":{"name":"us-central1-compileCode"},"extension":{},"message":"[runtime-status] [21669] Resolved module firebase-admin {\"declared\":true,\"installed\":true,\"version\":\"11.11.1\",\"resolution\":\"/workspaces/quitelean/functions/node_modules/firebase-admin/lib/index.js\"}"}}
[debug] [2024-03-25T13:21:07.477Z] [runtime-status] [21669] Resolved module firebase-functions {"declared":true,"installed":true,"version":"4.8.1","resolution":"/workspaces/quitelean/functions/node_modules/firebase-functions/lib/v1/index.js"} {"metadata":{"emulator":{"name":"functions"},"function":{"name":"us-central1-compileCode"},"extension":{},"message":"[runtime-status] [21669] Resolved module firebase-functions {\"declared\":true,\"installed\":true,\"version\":\"4.8.1\",\"resolution\":\"/workspaces/quitelean/functions/node_modules/firebase-functions/lib/v1/index.js\"}"}}
[debug] [2024-03-25T13:21:07.479Z] [runtime-status] [21669] Outgoing network have been stubbed. [{"name":"http","status":"mocked"},{"name":"http","status":"mocked"},{"name":"https","status":"mocked"},{"name":"https","status":"mocked"},{"name":"net","status":"mocked"}] {"metadata":{"emulator":{"name":"functions"},"function":{"name":"us-central1-compileCode"},"extension":{},"message":"[runtime-status] [21669] Outgoing network have been stubbed. [{\"name\":\"http\",\"status\":\"mocked\"},{\"name\":\"http\",\"status\":\"mocked\"},{\"name\":\"https\",\"status\":\"mocked\"},{\"name\":\"https\",\"status\":\"mocked\"},{\"name\":\"net\",\"status\":\"mocked\"}]"}}
[debug] [2024-03-25T13:21:07.481Z] [runtime-status] [21669] Resolved module firebase-functions {"declared":true,"installed":true,"version":"4.8.1","resolution":"/workspaces/quitelean/functions/node_modules/firebase-functions/lib/v1/index.js"} {"metadata":{"emulator":{"name":"functions"},"function":{"name":"us-central1-compileCode"},"extension":{},"message":"[runtime-status] [21669] Resolved module firebase-functions {\"declared\":true,\"installed\":true,\"version\":\"4.8.1\",\"resolution\":\"/workspaces/quitelean/functions/node_modules/firebase-functions/lib/v1/index.js\"}"}}
[debug] [2024-03-25T13:21:08.024Z] [runtime-status] [21669] Checked functions.config() {"config":{}} {"metadata":{"emulator":{"name":"functions"},"function":{"name":"us-central1-compileCode"},"extension":{},"message":"[runtime-status] [21669] Checked functions.config() {\"config\":{}}"}}
[debug] [2024-03-25T13:21:08.024Z] [runtime-status] [21669] firebase-functions has been stubbed. {"functionsResolution":{"declared":true,"installed":true,"version":"4.8.1","resolution":"/workspaces/quitelean/functions/node_modules/firebase-functions/lib/v1/index.js"}} {"metadata":{"emulator":{"name":"functions"},"function":{"name":"us-central1-compileCode"},"extension":{},"message":"[runtime-status] [21669] firebase-functions has been stubbed. {\"functionsResolution\":{\"declared\":true,\"installed\":true,\"version\":\"4.8.1\",\"resolution\":\"/workspaces/quitelean/functions/node_modules/firebase-functions/lib/v1/index.js\"}}"}}
[debug] [2024-03-25T13:21:08.027Z] [runtime-status] [21669] Resolved module firebase-functions {"declared":true,"installed":true,"version":"4.8.1","resolution":"/workspaces/quitelean/functions/node_modules/firebase-functions/lib/v1/index.js"} {"metadata":{"emulator":{"name":"functions"},"function":{"name":"us-central1-compileCode"},"extension":{},"message":"[runtime-status] [21669] Resolved module firebase-functions {\"declared\":true,\"installed\":true,\"version\":\"4.8.1\",\"resolution\":\"/workspaces/quitelean/functions/node_modules/firebase-functions/lib/v1/index.js\"}"}}
[debug] [2024-03-25T13:21:08.030Z] [runtime-status] [21669] Resolved module firebase-admin {"declared":true,"installed":true,"version":"11.11.1","resolution":"/workspaces/quitelean/functions/node_modules/firebase-admin/lib/index.js"} {"metadata":{"emulator":{"name":"functions"},"function":{"name":"us-central1-compileCode"},"extension":{},"message":"[runtime-status] [21669] Resolved module firebase-admin {\"declared\":true,\"installed\":true,\"version\":\"11.11.1\",\"resolution\":\"/workspaces/quitelean/functions/node_modules/firebase-admin/lib/index.js\"}"}}
[debug] [2024-03-25T13:21:08.040Z] [runtime-status] [21669] Resolved module firebase-functions {"declared":true,"installed":true,"version":"4.8.1","resolution":"/workspaces/quitelean/functions/node_modules/firebase-functions/lib/v1/index.js"} {"metadata":{"emulator":{"name":"functions"},"function":{"name":"us-central1-compileCode"},"extension":{},"message":"[runtime-status] [21669] Resolved module firebase-functions {\"declared\":true,\"installed\":true,\"version\":\"4.8.1\",\"resolution\":\"/workspaces/quitelean/functions/node_modules/firebase-functions/lib/v1/index.js\"}"}}
[debug] [2024-03-25T13:21:08.042Z] [runtime-status] [21669] firebase-admin has been stubbed. {"adminResolution":{"declared":true,"installed":true,"version":"11.11.1","resolution":"/workspaces/quitelean/functions/node_modules/firebase-admin/lib/index.js"}} {"metadata":{"emulator":{"name":"functions"},"function":{"name":"us-central1-compileCode"},"extension":{},"message":"[runtime-status] [21669] firebase-admin has been stubbed. {\"adminResolution\":{\"declared\":true,\"installed\":true,\"version\":\"11.11.1\",\"resolution\":\"/workspaces/quitelean/functions/node_modules/firebase-admin/lib/index.js\"}}"}}
[debug] [2024-03-25T13:21:08.054Z] [runtime-status] [21669] Functions runtime initialized. {"cwd":"/workspaces/quitelean/functions","node_version":"20.11.1"} {"metadata":{"emulator":{"name":"functions"},"function":{"name":"us-central1-compileCode"},"extension":{},"message":"[runtime-status] [21669] Functions runtime initialized. {\"cwd\":\"/workspaces/quitelean/functions\",\"node_version\":\"20.11.1\"}"}}
[debug] [2024-03-25T13:21:08.055Z] [runtime-status] [21669] Listening to port: /tmp/fire_emu_c344d2e5b460ef9f.sock {"metadata":{"emulator":{"name":"functions"},"function":{"name":"us-central1-compileCode"},"extension":{},"message":"[runtime-status] [21669] Listening to port: /tmp/fire_emu_c344d2e5b460ef9f.sock"}}
[debug] [2024-03-25T13:21:08.109Z] [worker-us-central1-compileCode-049ceef2-073c-40c0-938b-302a2b04b653]: IDLE {"metadata":{"emulator":{"name":"functions"},"function":{"name":"us-central1-compileCode"},"extension":{},"message":"[worker-us-central1-compileCode-049ceef2-073c-40c0-938b-302a2b04b653]: IDLE"}}
[debug] [2024-03-25T13:21:08.110Z] [worker-pool] submitRequest(triggerId=us-central1-compileCode) {"metadata":{"emulator":{"name":"functions"},"message":"[worker-pool] submitRequest(triggerId=us-central1-compileCode)"}}
[info] i  functions: Beginning execution of "us-central1-compileCode" {"metadata":{"emulator":{"name":"functions"},"function":{"name":"us-central1-compileCode"},"extension":{},"message":"Beginning execution of \"us-central1-compileCode\""}}
[debug] [2024-03-25T13:21:08.113Z] [worker-us-central1-compileCode-049ceef2-073c-40c0-938b-302a2b04b653]: BUSY {"metadata":{"emulator":{"name":"functions"},"function":{"name":"us-central1-compileCode"},"extension":{},"message":"[worker-us-central1-compileCode-049ceef2-073c-40c0-938b-302a2b04b653]: BUSY"}}
[warn] ⚠  functions: TypeError [ERR_INVALID_ARG_TYPE]: The "data" argument must be of type string or an instance of Buffer, TypedArray, or DataView. Received undefined
    at Object.writeFile (node:fs:2295:5)
    at /workspaces/quitelean/functions/index.js:115:8
    at /workspaces/quitelean/functions/node_modules/firebase-functions/lib/v2/providers/https.js:65:29
    at cors (/workspaces/quitelean/functions/node_modules/cors/lib/index.js:188:7)
    at /workspaces/quitelean/functions/node_modules/cors/lib/index.js:224:17
    at originCallback (/workspaces/quitelean/functions/node_modules/cors/lib/index.js:214:15)
    at /workspaces/quitelean/functions/node_modules/cors/lib/index.js:219:13
    at optionsCallback (/workspaces/quitelean/functions/node_modules/cors/lib/index.js:199:9)
    at corsMiddleware (/workspaces/quitelean/functions/node_modules/cors/lib/index.js:204:7) {"metadata":{"emulator":{"name":"functions"},"function":{"name":"us-central1-compileCode"},"extension":{},"message":"TypeError [ERR_INVALID_ARG_TYPE]: The \"data\" argument must be of type string or an instance of Buffer, TypedArray, or DataView. Received undefined\n    at Object.writeFile (node:fs:2295:5)\n    at /workspaces/quitelean/functions/index.js:115:8\n    at /workspaces/quitelean/functions/node_modules/firebase-functions/lib/v2/providers/https.js:65:29\n    at cors (/workspaces/quitelean/functions/node_modules/cors/lib/index.js:188:7)\n    at /workspaces/quitelean/functions/node_modules/cors/lib/index.js:224:17\n    at originCallback (/workspaces/quitelean/functions/node_modules/cors/lib/index.js:214:15)\n    at /workspaces/quitelean/functions/node_modules/cors/lib/index.js:219:13\n    at optionsCallback (/workspaces/quitelean/functions/node_modules/cors/lib/index.js:199:9)\n    at corsMiddleware (/workspaces/quitelean/functions/node_modules/cors/lib/index.js:204:7)"}}
[warn] ⚠  Your function was killed because it raised an unhandled error. {"metadata":{"emulator":{"name":"functions"},"function":{"name":"us-central1-compileCode"},"extension":{},"message":"Your function was killed because it raised an unhandled error."}}
[error] i  Request to function failed: Error: socket hang up {"metadata":{"emulator":{"name":"functions"},"function":{"name":"us-central1-compileCode"},"extension":{},"message":"Request to function failed: Error: socket hang up"}}
[debug] [2024-03-25T13:21:08.143Z] [work-queue] {"queuedWork":[],"queueLength":0,"runningWork":[],"workRunningCount":0}
[debug] [2024-03-25T13:21:08.147Z] [worker-us-central1-compileCode-049ceef2-073c-40c0-938b-302a2b04b653]: exited {"metadata":{"emulator":{"name":"functions"},"function":{"name":"us-central1-compileCode"},"extension":{},"message":"[worker-us-central1-compileCode-049ceef2-073c-40c0-938b-302a2b04b653]: exited"}}
[debug] [2024-03-25T13:21:08.147Z] [worker-us-central1-compileCode-049ceef2-073c-40c0-938b-302a2b04b653]: FINISHED {"metadata":{"emulator":{"name":"functions"},"function":{"name":"us-central1-compileCode"},"extension":{},"message":"[worker-us-central1-compileCode-049ceef2-073c-40c0-938b-302a2b04b653]: FINISHED"}}
[debug] [2024-03-25T13:24:31.388Z] File /workspaces/quitelean/functions/index.js changed, reloading triggers {"metadata":{"emulator":{"name":"functions"},"message":"File /workspaces/quitelean/functions/index.js changed, reloading triggers"}}
[debug] [2024-03-25T13:24:32.389Z] Validating nodejs source
[debug] [2024-03-25T13:24:32.958Z] > [functions] package.json contents: {
  "name": "functions",
  "description": "Cloud Functions for Firebase",
  "scripts": {
    "serve": "firebase emulators:start --only functions",
    "shell": "firebase functions:shell",
    "start": "npm run shell",
    "deploy": "firebase deploy --only functions",
    "logs": "firebase functions:log"
  },
  "engines": {
    "node": "18"
  },
  "main": "index.js",
  "dependencies": {
    "firebase-admin": "^11.8.0",
    "firebase-functions": "^4.3.1"
  },
  "devDependencies": {
    "firebase-functions-test": "^3.1.0"
  },
  "private": true
}
[debug] [2024-03-25T13:24:32.958Z] Building nodejs source
[debug] [2024-03-25T13:24:32.958Z] Failed to find version of module node: reached end of search path /workspaces/quitelean/functions/node_modules
[warn] ⚠  functions: Your requested "node" version "18" doesn't match your global version "20". Using node@20 from host. 
[debug] [2024-03-25T13:24:32.960Z] Could not find functions.yaml. Must use http discovery
[debug] [2024-03-25T13:24:32.961Z] Found firebase-functions binary at '/workspaces/quitelean/functions/node_modules/.bin/firebase-functions'
[info] Serving at port 8231

[debug] [2024-03-25T13:24:33.271Z] Got response from /__/functions.yaml {"endpoints":{"createAccount":{"availableMemoryMb":null,"timeoutSeconds":null,"minInstances":null,"maxInstances":null,"ingressSettings":null,"concurrency":null,"serviceAccountEmail":null,"vpc":null,"platform":"gcfv2","labels":{},"httpsTrigger":{},"entryPoint":"createAccount"},"compileCode":{"availableMemoryMb":null,"timeoutSeconds":null,"minInstances":null,"maxInstances":null,"ingressSettings":null,"concurrency":null,"serviceAccountEmail":null,"vpc":null,"platform":"gcfv2","labels":{},"httpsTrigger":{},"entryPoint":"compileCode"}},"specVersion":"v1alpha1","requiredAPIs":[]}
[info] ✔  functions: Loaded functions definitions from source: createAccount, compileCode. {"metadata":{"emulator":{"name":"functions"},"message":"Loaded functions definitions from source: createAccount, compileCode."}}
[debug] [2024-03-25T13:28:19.065Z] File /workspaces/quitelean/functions/index.js changed, reloading triggers {"metadata":{"emulator":{"name":"functions"},"message":"File /workspaces/quitelean/functions/index.js changed, reloading triggers"}}
[debug] [2024-03-25T13:28:20.067Z] Validating nodejs source
[debug] [2024-03-25T13:28:20.659Z] > [functions] package.json contents: {
  "name": "functions",
  "description": "Cloud Functions for Firebase",
  "scripts": {
    "serve": "firebase emulators:start --only functions",
    "shell": "firebase functions:shell",
    "start": "npm run shell",
    "deploy": "firebase deploy --only functions",
    "logs": "firebase functions:log"
  },
  "engines": {
    "node": "18"
  },
  "main": "index.js",
  "dependencies": {
    "firebase-admin": "^11.8.0",
    "firebase-functions": "^4.3.1"
  },
  "devDependencies": {
    "firebase-functions-test": "^3.1.0"
  },
  "private": true
}
[debug] [2024-03-25T13:28:20.660Z] Building nodejs source
[debug] [2024-03-25T13:28:20.660Z] Failed to find version of module node: reached end of search path /workspaces/quitelean/functions/node_modules
[warn] ⚠  functions: Your requested "node" version "18" doesn't match your global version "20". Using node@20 from host. 
[debug] [2024-03-25T13:28:20.660Z] Could not find functions.yaml. Must use http discovery
[debug] [2024-03-25T13:28:20.663Z] Found firebase-functions binary at '/workspaces/quitelean/functions/node_modules/.bin/firebase-functions'
[info] Serving at port 8642

[debug] [2024-03-25T13:28:20.998Z] Got response from /__/functions.yaml {"endpoints":{"createAccount":{"availableMemoryMb":null,"timeoutSeconds":null,"minInstances":null,"maxInstances":null,"ingressSettings":null,"concurrency":null,"serviceAccountEmail":null,"vpc":null,"platform":"gcfv2","labels":{},"httpsTrigger":{},"entryPoint":"createAccount"},"compileCode":{"availableMemoryMb":null,"timeoutSeconds":null,"minInstances":null,"maxInstances":null,"ingressSettings":null,"concurrency":null,"serviceAccountEmail":null,"vpc":null,"platform":"gcfv2","labels":{},"httpsTrigger":{},"entryPoint":"compileCode"}},"specVersion":"v1alpha1","requiredAPIs":[]}
[info] ✔  functions: Loaded functions definitions from source: createAccount, compileCode. {"metadata":{"emulator":{"name":"functions"},"message":"Loaded functions definitions from source: createAccount, compileCode."}}
[debug] [2024-03-25T13:29:15.189Z] File /workspaces/quitelean/functions/index.js changed, reloading triggers {"metadata":{"emulator":{"name":"functions"},"message":"File /workspaces/quitelean/functions/index.js changed, reloading triggers"}}
[debug] [2024-03-25T13:29:16.189Z] Validating nodejs source
[debug] [2024-03-25T13:29:16.738Z] > [functions] package.json contents: {
  "name": "functions",
  "description": "Cloud Functions for Firebase",
  "scripts": {
    "serve": "firebase emulators:start --only functions",
    "shell": "firebase functions:shell",
    "start": "npm run shell",
    "deploy": "firebase deploy --only functions",
    "logs": "firebase functions:log"
  },
  "engines": {
    "node": "18"
  },
  "main": "index.js",
  "dependencies": {
    "firebase-admin": "^11.8.0",
    "firebase-functions": "^4.3.1"
  },
  "devDependencies": {
    "firebase-functions-test": "^3.1.0"
  },
  "private": true
}
[debug] [2024-03-25T13:29:16.738Z] Building nodejs source
[debug] [2024-03-25T13:29:16.739Z] Failed to find version of module node: reached end of search path /workspaces/quitelean/functions/node_modules
[warn] ⚠  functions: Your requested "node" version "18" doesn't match your global version "20". Using node@20 from host. 
[debug] [2024-03-25T13:29:16.741Z] Could not find functions.yaml. Must use http discovery
[debug] [2024-03-25T13:29:16.742Z] Found firebase-functions binary at '/workspaces/quitelean/functions/node_modules/.bin/firebase-functions'
[info] Serving at port 8388

[debug] [2024-03-25T13:29:17.155Z] Got response from /__/functions.yaml {"endpoints":{"createAccount":{"availableMemoryMb":null,"timeoutSeconds":null,"minInstances":null,"maxInstances":null,"ingressSettings":null,"concurrency":null,"serviceAccountEmail":null,"vpc":null,"platform":"gcfv2","labels":{},"httpsTrigger":{},"entryPoint":"createAccount"},"compileCode":{"availableMemoryMb":null,"timeoutSeconds":null,"minInstances":null,"maxInstances":null,"ingressSettings":null,"concurrency":null,"serviceAccountEmail":null,"vpc":null,"platform":"gcfv2","labels":{},"httpsTrigger":{},"entryPoint":"compileCode"}},"specVersion":"v1alpha1","requiredAPIs":[]}
[info] ✔  functions: Loaded functions definitions from source: createAccount, compileCode. {"metadata":{"emulator":{"name":"functions"},"message":"Loaded functions definitions from source: createAccount, compileCode."}}
[debug] [2024-03-25T13:29:59.762Z] File /workspaces/quitelean/functions/index.js changed, reloading triggers {"metadata":{"emulator":{"name":"functions"},"message":"File /workspaces/quitelean/functions/index.js changed, reloading triggers"}}
[debug] [2024-03-25T13:30:00.762Z] Validating nodejs source
[debug] [2024-03-25T13:30:01.271Z] > [functions] package.json contents: {
  "name": "functions",
  "description": "Cloud Functions for Firebase",
  "scripts": {
    "serve": "firebase emulators:start --only functions",
    "shell": "firebase functions:shell",
    "start": "npm run shell",
    "deploy": "firebase deploy --only functions",
    "logs": "firebase functions:log"
  },
  "engines": {
    "node": "18"
  },
  "main": "index.js",
  "dependencies": {
    "firebase-admin": "^11.8.0",
    "firebase-functions": "^4.3.1"
  },
  "devDependencies": {
    "firebase-functions-test": "^3.1.0"
  },
  "private": true
}
[debug] [2024-03-25T13:30:01.271Z] Building nodejs source
[debug] [2024-03-25T13:30:01.271Z] Failed to find version of module node: reached end of search path /workspaces/quitelean/functions/node_modules
[warn] ⚠  functions: Your requested "node" version "18" doesn't match your global version "20". Using node@20 from host. 
[debug] [2024-03-25T13:30:01.272Z] Could not find functions.yaml. Must use http discovery
[debug] [2024-03-25T13:30:01.275Z] Found firebase-functions binary at '/workspaces/quitelean/functions/node_modules/.bin/firebase-functions'
[info] Serving at port 8702

[debug] [2024-03-25T13:30:01.711Z] Got response from /__/functions.yaml {"endpoints":{"createAccount":{"availableMemoryMb":null,"timeoutSeconds":null,"minInstances":null,"maxInstances":null,"ingressSettings":null,"concurrency":null,"serviceAccountEmail":null,"vpc":null,"platform":"gcfv2","labels":{},"httpsTrigger":{},"entryPoint":"createAccount"},"compileCode":{"availableMemoryMb":null,"timeoutSeconds":null,"minInstances":null,"maxInstances":null,"ingressSettings":null,"concurrency":null,"serviceAccountEmail":null,"vpc":null,"platform":"gcfv2","labels":{},"httpsTrigger":{},"entryPoint":"compileCode"}},"specVersion":"v1alpha1","requiredAPIs":[]}
[info] ✔  functions: Loaded functions definitions from source: createAccount, compileCode. {"metadata":{"emulator":{"name":"functions"},"message":"Loaded functions definitions from source: createAccount, compileCode."}}
[debug] [2024-03-25T13:34:24.895Z] File /workspaces/quitelean/functions/CompileAPI/Dockerfile changed, reloading triggers {"metadata":{"emulator":{"name":"functions"},"message":"File /workspaces/quitelean/functions/CompileAPI/Dockerfile changed, reloading triggers"}}
[debug] [2024-03-25T13:34:25.896Z] Validating nodejs source
[debug] [2024-03-25T13:34:26.517Z] > [functions] package.json contents: {
  "name": "functions",
  "description": "Cloud Functions for Firebase",
  "scripts": {
    "serve": "firebase emulators:start --only functions",
    "shell": "firebase functions:shell",
    "start": "npm run shell",
    "deploy": "firebase deploy --only functions",
    "logs": "firebase functions:log"
  },
  "engines": {
    "node": "18"
  },
  "main": "index.js",
  "dependencies": {
    "firebase-admin": "^11.8.0",
    "firebase-functions": "^4.3.1"
  },
  "devDependencies": {
    "firebase-functions-test": "^3.1.0"
  },
  "private": true
}
[debug] [2024-03-25T13:34:26.517Z] Building nodejs source
[debug] [2024-03-25T13:34:26.517Z] Failed to find version of module node: reached end of search path /workspaces/quitelean/functions/node_modules
[warn] ⚠  functions: Your requested "node" version "18" doesn't match your global version "20". Using node@20 from host. 
[debug] [2024-03-25T13:34:26.518Z] Could not find functions.yaml. Must use http discovery
[debug] [2024-03-25T13:34:26.520Z] Found firebase-functions binary at '/workspaces/quitelean/functions/node_modules/.bin/firebase-functions'
[info] Serving at port 8038

[debug] [2024-03-25T13:34:26.858Z] Got response from /__/functions.yaml {"endpoints":{"createAccount":{"availableMemoryMb":null,"timeoutSeconds":null,"minInstances":null,"maxInstances":null,"ingressSettings":null,"concurrency":null,"serviceAccountEmail":null,"vpc":null,"platform":"gcfv2","labels":{},"httpsTrigger":{},"entryPoint":"createAccount"},"compileCode":{"availableMemoryMb":null,"timeoutSeconds":null,"minInstances":null,"maxInstances":null,"ingressSettings":null,"concurrency":null,"serviceAccountEmail":null,"vpc":null,"platform":"gcfv2","labels":{},"httpsTrigger":{},"entryPoint":"compileCode"}},"specVersion":"v1alpha1","requiredAPIs":[]}
[info] ✔  functions: Loaded functions definitions from source: createAccount, compileCode. {"metadata":{"emulator":{"name":"functions"},"message":"Loaded functions definitions from source: createAccount, compileCode."}}
[debug] [2024-03-25T13:40:05.207Z] File /workspaces/quitelean/functions/CompileAPI/Dockerfile changed, reloading triggers {"metadata":{"emulator":{"name":"functions"},"message":"File /workspaces/quitelean/functions/CompileAPI/Dockerfile changed, reloading triggers"}}
[debug] [2024-03-25T13:40:06.208Z] Validating nodejs source
[debug] [2024-03-25T13:40:06.758Z] > [functions] package.json contents: {
  "name": "functions",
  "description": "Cloud Functions for Firebase",
  "scripts": {
    "serve": "firebase emulators:start --only functions",
    "shell": "firebase functions:shell",
    "start": "npm run shell",
    "deploy": "firebase deploy --only functions",
    "logs": "firebase functions:log"
  },
  "engines": {
    "node": "18"
  },
  "main": "index.js",
  "dependencies": {
    "firebase-admin": "^11.8.0",
    "firebase-functions": "^4.3.1"
  },
  "devDependencies": {
    "firebase-functions-test": "^3.1.0"
  },
  "private": true
}
[debug] [2024-03-25T13:40:06.758Z] Building nodejs source
[debug] [2024-03-25T13:40:06.758Z] Failed to find version of module node: reached end of search path /workspaces/quitelean/functions/node_modules
[warn] ⚠  functions: Your requested "node" version "18" doesn't match your global version "20". Using node@20 from host. 
[debug] [2024-03-25T13:40:06.759Z] Could not find functions.yaml. Must use http discovery
[debug] [2024-03-25T13:40:06.760Z] Found firebase-functions binary at '/workspaces/quitelean/functions/node_modules/.bin/firebase-functions'
[info] Serving at port 8834

[debug] [2024-03-25T13:40:07.209Z] Got response from /__/functions.yaml {"endpoints":{"createAccount":{"availableMemoryMb":null,"timeoutSeconds":null,"minInstances":null,"maxInstances":null,"ingressSettings":null,"concurrency":null,"serviceAccountEmail":null,"vpc":null,"platform":"gcfv2","labels":{},"httpsTrigger":{},"entryPoint":"createAccount"},"compileCode":{"availableMemoryMb":null,"timeoutSeconds":null,"minInstances":null,"maxInstances":null,"ingressSettings":null,"concurrency":null,"serviceAccountEmail":null,"vpc":null,"platform":"gcfv2","labels":{},"httpsTrigger":{},"entryPoint":"compileCode"}},"specVersion":"v1alpha1","requiredAPIs":[]}
[debug] [2024-03-25T13:40:07.626Z] File /workspaces/quitelean/functions/CompileAPI/Dockerfile changed, reloading triggers {"metadata":{"emulator":{"name":"functions"},"message":"File /workspaces/quitelean/functions/CompileAPI/Dockerfile changed, reloading triggers"}}
[debug] [2024-03-25T13:40:08.626Z] Validating nodejs source
[debug] [2024-03-25T13:40:09.240Z] > [functions] package.json contents: {
  "name": "functions",
  "description": "Cloud Functions for Firebase",
  "scripts": {
    "serve": "firebase emulators:start --only functions",
    "shell": "firebase functions:shell",
    "start": "npm run shell",
    "deploy": "firebase deploy --only functions",
    "logs": "firebase functions:log"
  },
  "engines": {
    "node": "18"
  },
  "main": "index.js",
  "dependencies": {
    "firebase-admin": "^11.8.0",
    "firebase-functions": "^4.3.1"
  },
  "devDependencies": {
    "firebase-functions-test": "^3.1.0"
  },
  "private": true
}
[debug] [2024-03-25T13:40:09.240Z] Building nodejs source
[debug] [2024-03-25T13:40:09.240Z] Failed to find version of module node: reached end of search path /workspaces/quitelean/functions/node_modules
[warn] ⚠  functions: Your requested "node" version "18" doesn't match your global version "20". Using node@20 from host. 
[debug] [2024-03-25T13:40:09.242Z] Could not find functions.yaml. Must use http discovery
[debug] [2024-03-25T13:40:09.244Z] Found firebase-functions binary at '/workspaces/quitelean/functions/node_modules/.bin/firebase-functions'
[info] Serving at port 8248

[debug] [2024-03-25T13:40:09.779Z] Got response from /__/functions.yaml {"endpoints":{"createAccount":{"availableMemoryMb":null,"timeoutSeconds":null,"minInstances":null,"maxInstances":null,"ingressSettings":null,"concurrency":null,"serviceAccountEmail":null,"vpc":null,"platform":"gcfv2","labels":{},"httpsTrigger":{},"entryPoint":"createAccount"},"compileCode":{"availableMemoryMb":null,"timeoutSeconds":null,"minInstances":null,"maxInstances":null,"ingressSettings":null,"concurrency":null,"serviceAccountEmail":null,"vpc":null,"platform":"gcfv2","labels":{},"httpsTrigger":{},"entryPoint":"compileCode"}},"specVersion":"v1alpha1","requiredAPIs":[]}
[info] ✔  functions: Loaded functions definitions from source: createAccount, compileCode. {"metadata":{"emulator":{"name":"functions"},"message":"Loaded functions definitions from source: createAccount, compileCode."}}
[info] ✔  functions: Loaded functions definitions from source: createAccount, compileCode. {"metadata":{"emulator":{"name":"functions"},"message":"Loaded functions definitions from source: createAccount, compileCode."}}
